-------------------------------------------------------------------------------
Test set: com.example.provincialnode.controller.InterfaceProcessTest
-------------------------------------------------------------------------------
Tests run: 4, Failures: 0, Errors: 4, Skipped: 0, Time elapsed: 6.475 s <<< FAILURE! - in com.example.provincialnode.controller.InterfaceProcessTest
testQueryInterfaceProcess  Time elapsed: 0.005 s  <<< ERROR!
java.lang.IllegalStateException: Failed to load ApplicationContext
Caused by: org.springframework.beans.factory.UnsatisfiedDependencyException: Error creating bean with name 'authController': Unsatisfied dependency expressed through field 'cacheInitializer'; nested exception is org.springframework.beans.factory.UnsatisfiedDependencyException: Error creating bean with name 'cacheInitializer': Unsatisfied dependency expressed through field 'sysProcessNodeConfigService'; nested exception is org.springframework.beans.factory.UnsatisfiedDependencyException: Error creating bean with name 'sysProcessNodeConfigService': Unsatisfied dependency expressed through field 'cacheInitializer'; nested exception is org.springframework.beans.factory.BeanCurrentlyInCreationException: Error creating bean with name 'cacheInitializer': Requested bean is currently in creation: Is there an unresolvable circular reference?
Caused by: org.springframework.beans.factory.UnsatisfiedDependencyException: Error creating bean with name 'cacheInitializer': Unsatisfied dependency expressed through field 'sysProcessNodeConfigService'; nested exception is org.springframework.beans.factory.UnsatisfiedDependencyException: Error creating bean with name 'sysProcessNodeConfigService': Unsatisfied dependency expressed through field 'cacheInitializer'; nested exception is org.springframework.beans.factory.BeanCurrentlyInCreationException: Error creating bean with name 'cacheInitializer': Requested bean is currently in creation: Is there an unresolvable circular reference?
Caused by: org.springframework.beans.factory.UnsatisfiedDependencyException: Error creating bean with name 'sysProcessNodeConfigService': Unsatisfied dependency expressed through field 'cacheInitializer'; nested exception is org.springframework.beans.factory.BeanCurrentlyInCreationException: Error creating bean with name 'cacheInitializer': Requested bean is currently in creation: Is there an unresolvable circular reference?
Caused by: org.springframework.beans.factory.BeanCurrentlyInCreationException: Error creating bean with name 'cacheInitializer': Requested bean is currently in creation: Is there an unresolvable circular reference?

testWriteInterfaceProcess  Time elapsed: 0 s  <<< ERROR!
java.lang.IllegalStateException: Failed to load ApplicationContext
Caused by: org.springframework.beans.factory.UnsatisfiedDependencyException: Error creating bean with name 'authController': Unsatisfied dependency expressed through field 'cacheInitializer'; nested exception is org.springframework.beans.factory.UnsatisfiedDependencyException: Error creating bean with name 'cacheInitializer': Unsatisfied dependency expressed through field 'sysProcessNodeConfigService'; nested exception is org.springframework.beans.factory.UnsatisfiedDependencyException: Error creating bean with name 'sysProcessNodeConfigService': Unsatisfied dependency expressed through field 'cacheInitializer'; nested exception is org.springframework.beans.factory.BeanCurrentlyInCreationException: Error creating bean with name 'cacheInitializer': Requested bean is currently in creation: Is there an unresolvable circular reference?
Caused by: org.springframework.beans.factory.UnsatisfiedDependencyException: Error creating bean with name 'cacheInitializer': Unsatisfied dependency expressed through field 'sysProcessNodeConfigService'; nested exception is org.springframework.beans.factory.UnsatisfiedDependencyException: Error creating bean with name 'sysProcessNodeConfigService': Unsatisfied dependency expressed through field 'cacheInitializer'; nested exception is org.springframework.beans.factory.BeanCurrentlyInCreationException: Error creating bean with name 'cacheInitializer': Requested bean is currently in creation: Is there an unresolvable circular reference?
Caused by: org.springframework.beans.factory.UnsatisfiedDependencyException: Error creating bean with name 'sysProcessNodeConfigService': Unsatisfied dependency expressed through field 'cacheInitializer'; nested exception is org.springframework.beans.factory.BeanCurrentlyInCreationException: Error creating bean with name 'cacheInitializer': Requested bean is currently in creation: Is there an unresolvable circular reference?
Caused by: org.springframework.beans.factory.BeanCurrentlyInCreationException: Error creating bean with name 'cacheInitializer': Requested bean is currently in creation: Is there an unresolvable circular reference?

testInvalidInterfacePath  Time elapsed: 0 s  <<< ERROR!
java.lang.IllegalStateException: Failed to load ApplicationContext
Caused by: org.springframework.beans.factory.UnsatisfiedDependencyException: Error creating bean with name 'authController': Unsatisfied dependency expressed through field 'cacheInitializer'; nested exception is org.springframework.beans.factory.UnsatisfiedDependencyException: Error creating bean with name 'cacheInitializer': Unsatisfied dependency expressed through field 'sysProcessNodeConfigService'; nested exception is org.springframework.beans.factory.UnsatisfiedDependencyException: Error creating bean with name 'sysProcessNodeConfigService': Unsatisfied dependency expressed through field 'cacheInitializer'; nested exception is org.springframework.beans.factory.BeanCurrentlyInCreationException: Error creating bean with name 'cacheInitializer': Requested bean is currently in creation: Is there an unresolvable circular reference?
Caused by: org.springframework.beans.factory.UnsatisfiedDependencyException: Error creating bean with name 'cacheInitializer': Unsatisfied dependency expressed through field 'sysProcessNodeConfigService'; nested exception is org.springframework.beans.factory.UnsatisfiedDependencyException: Error creating bean with name 'sysProcessNodeConfigService': Unsatisfied dependency expressed through field 'cacheInitializer'; nested exception is org.springframework.beans.factory.BeanCurrentlyInCreationException: Error creating bean with name 'cacheInitializer': Requested bean is currently in creation: Is there an unresolvable circular reference?
Caused by: org.springframework.beans.factory.UnsatisfiedDependencyException: Error creating bean with name 'sysProcessNodeConfigService': Unsatisfied dependency expressed through field 'cacheInitializer'; nested exception is org.springframework.beans.factory.BeanCurrentlyInCreationException: Error creating bean with name 'cacheInitializer': Requested bean is currently in creation: Is there an unresolvable circular reference?
Caused by: org.springframework.beans.factory.BeanCurrentlyInCreationException: Error creating bean with name 'cacheInitializer': Requested bean is currently in creation: Is there an unresolvable circular reference?

testDisabledInterface  Time elapsed: 0 s  <<< ERROR!
java.lang.IllegalStateException: Failed to load ApplicationContext
Caused by: org.springframework.beans.factory.UnsatisfiedDependencyException: Error creating bean with name 'authController': Unsatisfied dependency expressed through field 'cacheInitializer'; nested exception is org.springframework.beans.factory.UnsatisfiedDependencyException: Error creating bean with name 'cacheInitializer': Unsatisfied dependency expressed through field 'sysProcessNodeConfigService'; nested exception is org.springframework.beans.factory.UnsatisfiedDependencyException: Error creating bean with name 'sysProcessNodeConfigService': Unsatisfied dependency expressed through field 'cacheInitializer'; nested exception is org.springframework.beans.factory.BeanCurrentlyInCreationException: Error creating bean with name 'cacheInitializer': Requested bean is currently in creation: Is there an unresolvable circular reference?
Caused by: org.springframework.beans.factory.UnsatisfiedDependencyException: Error creating bean with name 'cacheInitializer': Unsatisfied dependency expressed through field 'sysProcessNodeConfigService'; nested exception is org.springframework.beans.factory.UnsatisfiedDependencyException: Error creating bean with name 'sysProcessNodeConfigService': Unsatisfied dependency expressed through field 'cacheInitializer'; nested exception is org.springframework.beans.factory.BeanCurrentlyInCreationException: Error creating bean with name 'cacheInitializer': Requested bean is currently in creation: Is there an unresolvable circular reference?
Caused by: org.springframework.beans.factory.UnsatisfiedDependencyException: Error creating bean with name 'sysProcessNodeConfigService': Unsatisfied dependency expressed through field 'cacheInitializer'; nested exception is org.springframework.beans.factory.BeanCurrentlyInCreationException: Error creating bean with name 'cacheInitializer': Requested bean is currently in creation: Is there an unresolvable circular reference?
Caused by: org.springframework.beans.factory.BeanCurrentlyInCreationException: Error creating bean with name 'cacheInitializer': Requested bean is currently in creation: Is there an unresolvable circular reference?

